<?xml version="1.0" encoding="UTF-8"?>
<!-- Generated by org.testng.reporters.JUnitReportReporter -->
<testsuite hostname="selenium3" failures="0" tests="1" name="testScripts.PopUpTest" time="35.372" errors="0" timestamp="2024-12-11T12:19:49 IST" skipped="0">
  <testcase classname="testScripts.PopUpTest" name="Popup" time="35.372"/>
  <system-out/>
</testsuite> <!-- testScripts.PopUpTest -->
