<?xml version="1.0" encoding="UTF-8"?>
<!-- Generated by org.testng.reporters.JUnitReportReporter -->
<testsuite hostname="selenium3" failures="0" tests="1" name="testScripts.DropDownTest" time="9.873" errors="0" timestamp="2024-12-14T12:41:59 IST" skipped="0">
  <testcase classname="testScripts.DropDownTest" name="selectvalue" time="9.873"/>
  <system-out/>
</testsuite> <!-- testScripts.DropDownTest -->
