<?xml version="1.0" encoding="UTF-8"?>
<!-- Generated by org.testng.reporters.JUnitReportReporter -->
<testsuite hostname="selenium3" failures="0" tests="1" name="testScripts.iFrameTest" time="9.290" errors="0" timestamp="2024-12-11T12:51:59 IST" skipped="0">
  <testcase classname="testScripts.iFrameTest" name="iFrame" time="9.290"/>
  <system-out/>
</testsuite> <!-- testScripts.iFrameTest -->
