<?xml version="1.0" encoding="UTF-8"?>
<!-- Generated by org.testng.reporters.JUnitReportReporter -->
<testsuite hostname="selenium3" failures="0" tests="1" name="testScripts.ShadowDomTest" time="5.176" errors="0" timestamp="2024-12-14T13:02:37 IST" skipped="0">
  <testcase classname="testScripts.ShadowDomTest" name="ShadowElement" time="5.176"/>
  <system-out/>
</testsuite> <!-- testScripts.ShadowDomTest -->
