<?xml version="1.0" encoding="UTF-8"?>
<!-- Generated by org.testng.reporters.JUnitReportReporter -->
<testsuite hostname="selenium3" failures="0" tests="1" name="testScripts.AlertTest" time="8.299" errors="0" timestamp="2024-12-11T10:38:27 IST" skipped="0">
  <testcase classname="testScripts.AlertTest" name="AlertTest" time="8.299"/>
  <system-out/>
</testsuite> <!-- testScripts.AlertTest -->
