<?xml version="1.0" encoding="UTF-8"?>
<!-- Generated by org.testng.reporters.JUnitReportReporter -->
<testsuite hostname="selenium3" failures="0" tests="1" name="testScripts.DisplayTest" time="10.550" errors="0" timestamp="2024-12-13T11:19:01 IST" skipped="0">
  <testcase classname="testScripts.DisplayTest" name="displayElement" time="10.550"/>
  <system-out/>
</testsuite> <!-- testScripts.DisplayTest -->
