<?xml version="1.0" encoding="UTF-8"?>
<!-- Generated by org.testng.reporters.JUnitReportReporter -->
<testsuite hostname="selenium3" failures="0" tests="1" name="testScripts.DragAndDrop" time="8.339" errors="0" timestamp="2024-12-14T12:25:16 IST" skipped="0">
  <testcase classname="testScripts.DragAndDrop" name="f" time="8.339"/>
  <system-out/>
</testsuite> <!-- testScripts.DragAndDrop -->
