<?xml version="1.0" encoding="UTF-8"?>
<!-- Generated by org.testng.reporters.JUnitReportReporter -->
<testsuite hostname="selenium3" failures="0" tests="1" name="testScripts.GooglePageTest" time="14.581" errors="0" timestamp="2024-12-20T11:30:52 IST" skipped="0">
  <testcase classname="testScripts.GooglePageTest" name="seleniumSearchTest" time="14.581"/>
  <system-out/>
</testsuite> <!-- testScripts.GooglePageTest -->
