<?xml version="1.0" encoding="UTF-8"?>
<!-- Generated by org.testng.reporters.JUnitReportReporter -->
<testsuite hostname="selenium3" failures="0" tests="1" name="testScripts.RelativeLocatorTest" time="5.323" errors="0" timestamp="2024-12-10T17:19:59 IST" skipped="0">
  <testcase classname="testScripts.RelativeLocatorTest" name="RelativeLocator" time="5.323"/>
  <system-out/>
</testsuite> <!-- testScripts.RelativeLocatorTest -->
