<?xml version="1.0" encoding="UTF-8"?>
<!-- Generated by org.testng.reporters.JUnitReportReporter -->
<testsuite hostname="selenium3" failures="0" tests="1" name="testScripts.MouseActionsTest" time="9.507" errors="0" timestamp="2024-12-14T12:25:54 IST" skipped="0">
  <testcase classname="testScripts.MouseActionsTest" name="mouseactions" time="9.507"/>
  <system-out/>
</testsuite> <!-- testScripts.MouseActionsTest -->
