<?xml version="1.0" encoding="UTF-8"?>
<!-- Generated by org.testng.reporters.JUnitReportReporter -->
<testsuite hostname="selenium3" failures="0" tests="1" name="testScripts.WebTableTest1" time="7.685" errors="0" timestamp="2024-12-10T10:27:09 IST" skipped="0">
  <testcase classname="testScripts.WebTableTest1" name="f" time="7.685"/>
  <system-out/>
</testsuite> <!-- testScripts.WebTableTest1 -->
