<?xml version="1.0" encoding="UTF-8"?>
<!-- Generated by org.testng.reporters.JUnitReportReporter -->
<testsuite hostname="selenium3" failures="0" tests="1" name="testScripts.AutoCompleteTest" time="7.967" errors="0" timestamp="2024-12-11T13:41:00 IST" skipped="0">
  <testcase classname="testScripts.AutoCompleteTest" name="f" time="7.967"/>
  <system-out/>
</testsuite> <!-- testScripts.AutoCompleteTest -->
